Arguments: 
  /Users/tranan/.nvm/versions/node/v17.9.1/bin/node /Users/tranan/.yarn/bin/yarn.js install

PATH: 
  /Users/tranan/.rbenv/shims:/opt/homebrew/opt/ruby@3.1/bin:/opt/homebrew/opt/ruby@3.1/bin:/Users/tranan/.nvm/versions/node/v17.9.1/bin:/Users/tranan/.yarn/bin:/Users/tranan/.config/yarn/global/node_modules/.bin:/Library/Frameworks/Python.framework/Versions/3.10/bin:/Library/Frameworks/Python.framework/Versions/3.11/bin:/opt/homebrew/bin:/opt/homebrew/sbin:/usr/local/bin:/System/Cryptexes/App/usr/bin:/usr/bin:/bin:/usr/sbin:/sbin:/usr/local/go/bin:/usr/local/share/dotnet:~/.dotnet/tools:/Library/Apple/usr/bin:/Users/tranan/.rbenv/shims:/opt/homebrew/opt/ruby@3.1/bin:/Users/tranan/.nvm/versions/node/v17.9.1/bin:/Users/tranan/.yarn/bin:/Users/tranan/.config/yarn/global/node_modules/.bin:/Library/Frameworks/Python.framework/Versions/3.10/bin:/Library/Frameworks/Python.framework/Versions/3.11/bin:/opt/homebrew/bin:/opt/homebrew/sbin:/Users/tranan/Documents/AnTran/Flutter/flutter/bin:/Users/tranan/Documents/AnTran/Flutter/flutter/bin

Yarn version: 
  1.22.19

Node version: 
  17.9.1

Platform: 
  darwin arm64

Trace: 
  SyntaxError: /Users/tranan/dev/50projects50days/50Projects50Days/package.json: Unexpected token } in JSON at position 568
      at JSON.parse (<anonymous>)
      at /Users/tranan/.yarn/lib/cli.js:1629:59
      at Generator.next (<anonymous>)
      at step (/Users/tranan/.yarn/lib/cli.js:310:30)
      at /Users/tranan/.yarn/lib/cli.js:321:13

npm manifest: 
  {
    "name": "50projects50days",
    "version": "1.0.0",
    "description": "dien project",
    "main": "index.js",
    "scripts": {
      "test": "echo \"Error: no test specified\" && exit 1"
    },
    "repository": {
      "type": "git",
      "url": "git+https://github.com/PhanDuyen1603/50Projects50Days.git"
    },
    "keywords": [
      "javascript",
      "html",
      "css"
    ],
    "author": "PhanDuyen",
    "license": "ISC",
    "bugs": {
      "url": "https://github.com/PhanDuyen1603/50Projects50Days/issues"
    },
    "homepage": "https://github.com/PhanDuyen1603/50Projects50Days#readme",
  
  }

yarn manifest: 
  No manifest

Lockfile: 
  # THIS IS AN AUTOGENERATED FILE. DO NOT EDIT THIS FILE DIRECTLY.
  # yarn lockfile v1
  
  
  prettier@2.7.1:
    version "2.7.1"
    resolved "https://registry.yarnpkg.com/prettier/-/prettier-2.7.1.tgz#e235806850d057f97bb08368a4f7d899f7760c64"
    integrity sha512-ujppO+MkdPqoVINuDFDRLClm7D78qbDt0/NR+wp5FqEZOoTNAjPHWj17QRhu7geIHJfcNhRk1XVQmF8Bp3ye+g==
